0 info it worked if it ends with ok
1 verbose cli [ '/usr/local/Cellar/node/7.2.0/bin/node',
1 verbose cli   '/usr/local/bin/npm',
1 verbose cli   'start' ]
2 info using npm@3.10.9
3 info using node@v7.2.0
4 verbose run-script [ 'prestart', 'start', 'poststart' ]
5 info lifecycle ravencole_github_io_2@1.0.0~prestart: ravencole_github_io_2@1.0.0
6 verbose lifecycle ravencole_github_io_2@1.0.0~prestart: unsafe-perm in lifecycle true
7 verbose lifecycle ravencole_github_io_2@1.0.0~prestart: PATH: /usr/local/lib/node_modules/npm/bin/node-gyp-bin:/Users/raven/Projects/ravencole_github_io_2/node_modules/.bin:/usr/local/Cellar/node/7.2.0/bin:/Users/raven/.local/bin:/usr/local/bin:/usr/bin:/bin:/usr/sbin:/sbin:/Users/raven/bin:/usr/local/smlnj/bin:/Users/raven/.composer/vendor/bin:/usr/local/Cellar/node/7.2.0/bin:/usr/local/go/bin:/Users/raven/.cabal/bin:/Applications/ghc-7.10.3.app/Contents/bin:.
8 verbose lifecycle ravencole_github_io_2@1.0.0~prestart: CWD: /Users/raven/Projects/ravencole_github_io_2
9 silly lifecycle ravencole_github_io_2@1.0.0~prestart: Args: [ '-c', 'babel-node tools/startMessage.js' ]
10 silly lifecycle ravencole_github_io_2@1.0.0~prestart: Returned: code: 0  signal: null
11 info lifecycle ravencole_github_io_2@1.0.0~start: ravencole_github_io_2@1.0.0
12 verbose lifecycle ravencole_github_io_2@1.0.0~start: unsafe-perm in lifecycle true
13 verbose lifecycle ravencole_github_io_2@1.0.0~start: PATH: /usr/local/lib/node_modules/npm/bin/node-gyp-bin:/Users/raven/Projects/ravencole_github_io_2/node_modules/.bin:/usr/local/Cellar/node/7.2.0/bin:/Users/raven/.local/bin:/usr/local/bin:/usr/bin:/bin:/usr/sbin:/sbin:/Users/raven/bin:/usr/local/smlnj/bin:/Users/raven/.composer/vendor/bin:/usr/local/Cellar/node/7.2.0/bin:/usr/local/go/bin:/Users/raven/.cabal/bin:/Applications/ghc-7.10.3.app/Contents/bin:.
14 verbose lifecycle ravencole_github_io_2@1.0.0~start: CWD: /Users/raven/Projects/ravencole_github_io_2
15 silly lifecycle ravencole_github_io_2@1.0.0~start: Args: [ '-c', 'open:src' ]
16 info lifecycle ravencole_github_io_2@1.0.0~start: Failed to exec start script
17 verbose stack Error: ravencole_github_io_2@1.0.0 start: `open:src`
17 verbose stack spawn ENOENT
17 verbose stack     at ChildProcess.<anonymous> (/usr/local/lib/node_modules/npm/lib/utils/spawn.js:33:16)
17 verbose stack     at emitTwo (events.js:106:13)
17 verbose stack     at ChildProcess.emit (events.js:191:7)
17 verbose stack     at maybeClose (internal/child_process.js:885:16)
17 verbose stack     at Process.ChildProcess._handle.onexit (internal/child_process.js:226:5)
18 verbose pkgid ravencole_github_io_2@1.0.0
19 verbose cwd /Users/raven/Projects/ravencole_github_io_2
20 error Darwin 15.6.0
21 error argv "/usr/local/Cellar/node/7.2.0/bin/node" "/usr/local/bin/npm" "start"
22 error node v7.2.0
23 error npm  v3.10.9
24 error file sh
25 error code ELIFECYCLE
26 error errno ENOENT
27 error syscall spawn
28 error ravencole_github_io_2@1.0.0 start: `open:src`
28 error spawn ENOENT
29 error Failed at the ravencole_github_io_2@1.0.0 start script 'open:src'.
29 error Make sure you have the latest version of node.js and npm installed.
29 error If you do, this is most likely a problem with the ravencole_github_io_2 package,
29 error not with npm itself.
29 error Tell the author that this fails on your system:
29 error     open:src
29 error You can get information on how to open an issue for this project with:
29 error     npm bugs ravencole_github_io_2
29 error Or if that isn't available, you can get their info via:
29 error     npm owner ls ravencole_github_io_2
29 error There is likely additional logging output above.
30 verbose exit [ 1, true ]
